0.2
0.939
0.809
0.689
0.27
0.621
0.125
0.264
0.495
0.306
0.469
0.383
0.77
0.671
0.253
0.507
0.217
0.525
0.5720
0.021
841
89
820
122
744
797
361
259
19
435
692.047
384.7140
988.3870
221.5160
712.368
355.144
474.4290
918.09
835.45
323.7240
353.307
960.7990
782.1790
238.715
504.0770
517.143
836.8080
150.449
324.0680
349.014
351.384
17.454
897.642
48.4160
711.745
416.331
946.349
402.771
574.8340
317.1160
694.176
114.248
431.6830
101.8920
506.8470
24.242
863.3430
264.422
246.3070
545.98
8.906
858.5540
962.089
588.0310
608.048
177.6420
8.496
460.3060
389.309
321.1690
